
-----
Test: tests/test_remove_from_cart.py::TestRemoveFromCart::test_remove_from_cart (call)
Start time: 2025-08-30 19:09:12.626575
Start name method: get_product_page

End time: 2025-08-30 19:09:18.192355
End name method: get_product_page
URL: https://www.ivory.co.il/catalog.php?id=127518

-----

-----
Test: tests/test_remove_from_cart.py::TestRemoveFromCart::test_remove_from_cart (call)
Start time: 2025-08-30 19:09:18.240890
Start name method: adding_to_cart

End time: 2025-08-30 19:09:22.650411
End name method: adding_to_cart
URL: https://www.ivory.co.il/catalog_checkout.php

-----

-----
Test: tests/test_remove_from_cart.py::TestRemoveFromCart::test_remove_from_cart (call)
Start time: 2025-08-30 19:09:22.650509
Start name method: remove_from_cart

End time: 2025-08-30 19:09:23.866035
End name method: remove_from_cart
URL: https://www.ivory.co.il/catalog_checkout.php

-----
