
-----
Test: tests/sanity_test.py::TestSanity::test_sanity_test (call)
Start time: 2025-06-15 16:49:41.221240
Start name method: going_to_product_card

End time: 2025-06-15 16:49:52.313305
End name method: going_to_product_card
URL: https://www.ivory.co.il/catalog.php?id=125970

-----

-----
Test: tests/sanity_test.py::TestSanity::test_sanity_test (call)
Start time: 2025-06-15 16:49:52.313519
Start name method: fast_order

End time: 2025-06-15 16:49:55.825175
End name method: fast_order
URL: https://www.ivory.co.il/catalog_checkout.php

-----

-----
Test: tests/sanity_test.py::TestSanity::test_sanity_test (call)
Start time: 2025-06-15 16:49:55.825357
Start name method: choose_self_pickup

End time: 2025-06-15 16:49:58.183800
End name method: choose_self_pickup
URL: https://www.ivory.co.il/catalog_checkout.php#step3

-----

-----
Test: tests/sanity_test.py::TestSanity::test_sanity_test (call)
Start time: 2025-06-15 16:49:58.183972
Start name method: fill_customer_info

End time: 2025-06-15 16:49:58.960509
End name method: fill_customer_info
URL: https://www.ivory.co.il/catalog_checkout.php#step3

-----
