
-----
Test: tests/sanity_test.py::TestSanity::test_sanity_test (call)
Start time: 2025-06-16 00:27:39.983613
Start name method: going_to_product_card

End time: 2025-06-16 00:27:47.634207
End name method: going_to_product_card
URL: https://www.ivory.co.il/catalog.php?id=125970

-----

-----
Test: tests/sanity_test.py::TestSanity::test_sanity_test (call)
Start time: 2025-06-16 00:27:47.634691
Start name method: fast_order

End time: 2025-06-16 00:27:51.483542
End name method: fast_order
URL: https://www.ivory.co.il/catalog_checkout.php

-----

-----
Test: tests/sanity_test.py::TestSanity::test_sanity_test (call)
Start time: 2025-06-16 00:27:51.484301
Start name method: choose_self_pickup

End time: 2025-06-16 00:27:55.023167
End name method: choose_self_pickup
URL: https://www.ivory.co.il/catalog_checkout.php#step3

-----

-----
Test: tests/sanity_test.py::TestSanity::test_sanity_test (call)
Start time: 2025-06-16 00:27:55.023795
Start name method: fill_customer_info

End time: 2025-06-16 00:27:55.840768
End name method: fill_customer_info
URL: https://www.ivory.co.il/catalog_checkout.php#step3

-----

-----
Test: tests/test_adding_to_cart.py::TestAddingToCart::test_adding_to_cart (call)
Start time: 2025-06-16 00:27:57.601191
Start name method: get_product_page

End time: 2025-06-16 00:28:00.326405
End name method: get_product_page
URL: https://www.ivory.co.il/catalog.php?id=125970

-----

-----
Test: tests/test_adding_to_cart.py::TestAddingToCart::test_adding_to_cart (call)
Start time: 2025-06-16 00:28:01.323311
Start name method: adding_to_cart

End time: 2025-06-16 00:28:05.626168
End name method: adding_to_cart
URL: https://www.ivory.co.il/catalog_checkout.php

-----

-----
Test: tests/test_choose_self_pickup.py::TestChooseSelfPickup::test_choose_self_pickup (call)
Start time: 2025-06-16 00:28:07.201662
Start name method: get_product_page

End time: 2025-06-16 00:28:09.780600
End name method: get_product_page
URL: https://www.ivory.co.il/catalog.php?id=125970

-----

-----
Test: tests/test_choose_self_pickup.py::TestChooseSelfPickup::test_choose_self_pickup (call)
Start time: 2025-06-16 00:28:10.685753
Start name method: adding_to_cart

End time: 2025-06-16 00:28:15.019737
End name method: adding_to_cart
URL: https://www.ivory.co.il/catalog_checkout.php

-----

-----
Test: tests/test_choose_self_pickup.py::TestChooseSelfPickup::test_choose_self_pickup (call)
Start time: 2025-06-16 00:28:15.020322
Start name method: choose_self_pickup

End time: 2025-06-16 00:28:18.182083
End name method: choose_self_pickup
URL: https://www.ivory.co.il/catalog_checkout.php#step3

-----

-----
Test: tests/test_filtering.py::TestFiltering::test_filtering (call)
Start time: 2025-06-16 00:28:19.792934
Start name method: filtering_products

End time: 2025-06-16 00:28:26.142613
End name method: filtering_products
URL: https://www.ivory.co.il/catalog.php?act=cat&q=iPhone+16&cuts=2735

-----

-----
Test: tests/test_limit_testing.py::TestLimitTesting::test_limit_testing (call)
Start time: 2025-06-16 00:28:27.712335
Start name method: get_product_page

End time: 2025-06-16 00:28:30.205083
End name method: get_product_page
URL: https://www.ivory.co.il/catalog.php?id=125970

-----

-----
Test: tests/test_limit_testing.py::TestLimitTesting::test_limit_testing (call)
Start time: 2025-06-16 00:28:31.038869
Start name method: pushing_plus_button

End time: 2025-06-16 00:28:32.434132
End name method: pushing_plus_button
URL: https://www.ivory.co.il/catalog.php?id=125970

-----

-----
Test: tests/test_remove_from_cart.py::TestRemoveFromCart::test_remove_from_cart (call)
Start time: 2025-06-16 00:28:34.054818
Start name method: get_product_page

End time: 2025-06-16 00:28:36.616314
End name method: get_product_page
URL: https://www.ivory.co.il/catalog.php?id=125970

-----

-----
Test: tests/test_remove_from_cart.py::TestRemoveFromCart::test_remove_from_cart (call)
Start time: 2025-06-16 00:28:37.513555
Start name method: adding_to_cart

End time: 2025-06-16 00:28:41.963398
End name method: adding_to_cart
URL: https://www.ivory.co.il/catalog_checkout.php

-----

-----
Test: tests/test_remove_from_cart.py::TestRemoveFromCart::test_remove_from_cart (call)
Start time: 2025-06-16 00:28:41.963903
Start name method: remove_from_cart

End time: 2025-06-16 00:28:43.792699
End name method: remove_from_cart
URL: https://www.ivory.co.il/catalog_checkout.php

-----
