
-----
Test: tests/sanity_test.py::TestSanity::test_sanity_test (call)
Start time: 2025-06-16 00:09:08.644662
Start name method: going_to_product_card

End time: 2025-06-16 00:09:16.841056
End name method: going_to_product_card
URL: https://www.ivory.co.il/catalog.php?id=125970

-----

-----
Test: tests/sanity_test.py::TestSanity::test_sanity_test (call)
Start time: 2025-06-16 00:09:16.841577
Start name method: fast_order

End time: 2025-06-16 00:09:20.626698
End name method: fast_order
URL: https://www.ivory.co.il/catalog_checkout.php

-----

-----
Test: tests/sanity_test.py::TestSanity::test_sanity_test (call)
Start time: 2025-06-16 00:09:20.627546
Start name method: choose_self_pickup

End time: 2025-06-16 00:09:24.419655
End name method: choose_self_pickup
URL: https://www.ivory.co.il/catalog_checkout.php#step3

-----

-----
Test: tests/sanity_test.py::TestSanity::test_sanity_test (call)
Start time: 2025-06-16 00:09:24.420112
Start name method: fill_customer_info

End time: 2025-06-16 00:09:25.049002
End name method: fill_customer_info
URL: https://www.ivory.co.il/catalog_checkout.php#step3

-----

-----
Test: tests/test_adding_to_cart.py::TestAddingToCart::test_adding_to_cart (call)
Start time: 2025-06-16 00:09:26.684254
Start name method: get_product_page

End time: 2025-06-16 00:09:29.219467
End name method: get_product_page
URL: https://www.ivory.co.il/catalog.php?id=125970

-----

-----
Test: tests/test_adding_to_cart.py::TestAddingToCart::test_adding_to_cart (call)
Start time: 2025-06-16 00:09:29.997869
Start name method: adding_to_cart

End time: 2025-06-16 00:09:34.634844
End name method: adding_to_cart
URL: https://www.ivory.co.il/catalog_checkout.php

-----

-----
Test: tests/test_choose_self_pickup.py::TestChooseSelfPickup::test_choose_self_pickup (call)
Start time: 2025-06-16 00:09:36.251622
Start name method: get_product_page

End time: 2025-06-16 00:09:38.820009
End name method: get_product_page
URL: https://www.ivory.co.il/catalog.php?id=125970

-----

-----
Test: tests/test_choose_self_pickup.py::TestChooseSelfPickup::test_choose_self_pickup (call)
Start time: 2025-06-16 00:09:39.607931
Start name method: adding_to_cart

End time: 2025-06-16 00:09:44.499044
End name method: adding_to_cart
URL: https://www.ivory.co.il/catalog_checkout.php

-----

-----
Test: tests/test_choose_self_pickup.py::TestChooseSelfPickup::test_choose_self_pickup (call)
Start time: 2025-06-16 00:09:44.499472
Start name method: choose_self_pickup

End time: 2025-06-16 00:09:47.616443
End name method: choose_self_pickup
URL: https://www.ivory.co.il/catalog_checkout.php#step3

-----

-----
Test: tests/test_filtering.py::TestFiltering::test_filtering (call)
Start time: 2025-06-16 00:09:49.402703
Start name method: filtering_products

End time: 2025-06-16 00:09:55.870122
End name method: filtering_products
URL: https://www.ivory.co.il/catalog.php?act=cat&q=iPhone+16&cuts=2735

-----

-----
Test: tests/test_limit_testing.py::TestLimitTesting::test_limit_testing (call)
Start time: 2025-06-16 00:09:57.613756
Start name method: get_product_page

End time: 2025-06-16 00:10:00.268139
End name method: get_product_page
URL: https://www.ivory.co.il/catalog.php?id=125970

-----

-----
Test: tests/test_limit_testing.py::TestLimitTesting::test_limit_testing (call)
Start time: 2025-06-16 00:10:01.239596
Start name method: pushing_plus_button

End time: 2025-06-16 00:10:02.582824
End name method: pushing_plus_button
URL: https://www.ivory.co.il/catalog.php?id=125970

-----

-----
Test: tests/test_remove_from_cart.py::TestRemoveFromCart::test_remove_from_cart (call)
Start time: 2025-06-16 00:10:04.132164
Start name method: get_product_page

End time: 2025-06-16 00:10:06.918277
End name method: get_product_page
URL: https://www.ivory.co.il/catalog.php?id=125970

-----

-----
Test: tests/test_remove_from_cart.py::TestRemoveFromCart::test_remove_from_cart (call)
Start time: 2025-06-16 00:10:07.775067
Start name method: adding_to_cart

End time: 2025-06-16 00:10:12.769939
End name method: adding_to_cart
URL: https://www.ivory.co.il/catalog_checkout.php

-----

-----
Test: tests/test_remove_from_cart.py::TestRemoveFromCart::test_remove_from_cart (call)
Start time: 2025-06-16 00:10:12.770722
Start name method: remove_from_cart

End time: 2025-06-16 00:10:14.203814
End name method: remove_from_cart
URL: https://www.ivory.co.il/catalog_checkout.php

-----
