
-----
Test: tests/sanity_test.py::TestSanity::test_sanity_test (call)
Start time: 2025-08-30 18:59:33.329746
Start name method: going_to_product_card

End time: 2025-08-30 18:59:43.419533
End name method: going_to_product_card
URL: https://www.ivory.co.il/catalog.php?id=127518

-----

-----
Test: tests/sanity_test.py::TestSanity::test_sanity_test (call)
Start time: 2025-08-30 18:59:43.419724
Start name method: fast_order

End time: 2025-08-30 18:59:46.609808
End name method: fast_order
URL: https://www.ivory.co.il/catalog_checkout.php

-----

-----
Test: tests/sanity_test.py::TestSanity::test_sanity_test (call)
Start time: 2025-08-30 18:59:46.609991
Start name method: choose_self_pickup

End time: 2025-08-30 18:59:49.035273
End name method: choose_self_pickup
URL: https://www.ivory.co.il/catalog_checkout.php#step3

-----

-----
Test: tests/sanity_test.py::TestSanity::test_sanity_test (call)
Start time: 2025-08-30 18:59:49.035475
Start name method: fill_customer_info

End time: 2025-08-30 18:59:49.810016
End name method: fill_customer_info
URL: https://www.ivory.co.il/catalog_checkout.php#step3

-----
